  main.cpp
  TaskKiller.cpp
C:\Program Files\Microsoft Visual Studio\2022\Community\VC\Tools\MSVC\14.39.33519\include\xutility(4537,18): warning C4244: '=': conversion from 'wchar_t' to 'char', possible loss of data
  (compiling source file 'TaskKiller.cpp')
  C:\Program Files\Microsoft Visual Studio\2022\Community\VC\Tools\MSVC\14.39.33519\include\xutility(4537,18):
  the template instantiation context (the oldest one first) is
  	C:\Users\CSchubert-Forensics\Desktop\School\2024_Spring\DFOR740\MidtermProject\MidtermProject\TaskKiller.cpp(51,32):
  	see reference to function template instantiation 'std::basic_string<char,std::char_traits<char>,std::allocator<char>>::basic_string<std::_String_iterator<std::_String_val<std::_Simple_types<_Elem>>>,0>(_Iter,_Iter,const _Alloc &)' being compiled
          with
          [
              _Elem=wchar_t,
              _Iter=std::_String_iterator<std::_String_val<std::_Simple_types<wchar_t>>>,
              _Alloc=std::allocator<char>
          ]
  		C:\Users\CSchubert-Forensics\Desktop\School\2024_Spring\DFOR740\MidtermProject\MidtermProject\TaskKiller.cpp(51,17):
  		see the first reference to 'std::basic_string<char,std::char_traits<char>,std::allocator<char>>::basic_string' in 'TaskKiller::killProcessByName'
  	C:\Program Files\Microsoft Visual Studio\2022\Community\VC\Tools\MSVC\14.39.33519\include\xstring(2600,17):
  	see reference to function template instantiation 'void std::basic_string<char,std::char_traits<char>,std::allocator<char>>::_Construct_from_iter<wchar_t*,wchar_t*,_Size_type>(_Iter,const _Sent,_Size)' being compiled
          with
          [
              _Size_type=unsigned __int64,
              _Iter=wchar_t *,
              _Sent=wchar_t *,
              _Size=unsigned __int64
          ]
  	C:\Program Files\Microsoft Visual Studio\2022\Community\VC\Tools\MSVC\14.39.33519\include\xstring(2756,18):
  	see reference to function template instantiation '_OutIt *std::_Copy_n_unchecked4<wchar_t*,_Size,char*>(_InIt,_SizeTy,_OutIt)' being compiled
          with
          [
              _OutIt=char *,
              _Size=unsigned __int64,
              _InIt=wchar_t *,
              _SizeTy=unsigned __int64
          ]
  
  TaskLister.cpp
C:\Program Files\Microsoft Visual Studio\2022\Community\VC\Tools\MSVC\14.39.33519\include\xutility(4537,18): warning C4244: '=': conversion from 'wchar_t' to 'char', possible loss of data
  (compiling source file 'TaskLister.cpp')
  C:\Program Files\Microsoft Visual Studio\2022\Community\VC\Tools\MSVC\14.39.33519\include\xutility(4537,18):
  the template instantiation context (the oldest one first) is
  	C:\Users\CSchubert-Forensics\Desktop\School\2024_Spring\DFOR740\MidtermProject\MidtermProject\TaskLister.cpp(198,37):
  	see reference to function template instantiation 'std::basic_string<char,std::char_traits<char>,std::allocator<char>>::basic_string<std::_String_iterator<std::_String_val<std::_Simple_types<_Elem>>>,0>(_Iter,_Iter,const _Alloc &)' being compiled
          with
          [
              _Elem=wchar_t,
              _Iter=std::_String_iterator<std::_String_val<std::_Simple_types<wchar_t>>>,
              _Alloc=std::allocator<char>
          ]
  		C:\Users\CSchubert-Forensics\Desktop\School\2024_Spring\DFOR740\MidtermProject\MidtermProject\TaskLister.cpp(198,37):
  		see the first reference to 'std::basic_string<char,std::char_traits<char>,std::allocator<char>>::basic_string' in 'TaskLister::fetchServices'
  	C:\Program Files\Microsoft Visual Studio\2022\Community\VC\Tools\MSVC\14.39.33519\include\xstring(2600,17):
  	see reference to function template instantiation 'void std::basic_string<char,std::char_traits<char>,std::allocator<char>>::_Construct_from_iter<wchar_t*,wchar_t*,_Size_type>(_Iter,const _Sent,_Size)' being compiled
          with
          [
              _Size_type=unsigned __int64,
              _Iter=wchar_t *,
              _Sent=wchar_t *,
              _Size=unsigned __int64
          ]
  	C:\Program Files\Microsoft Visual Studio\2022\Community\VC\Tools\MSVC\14.39.33519\include\xstring(2756,18):
  	see reference to function template instantiation '_OutIt *std::_Copy_n_unchecked4<wchar_t*,_Size,char*>(_InIt,_SizeTy,_OutIt)' being compiled
          with
          [
              _OutIt=char *,
              _Size=unsigned __int64,
              _InIt=wchar_t *,
              _SizeTy=unsigned __int64
          ]
  
  Running Code Analysis for C/C++...
  Generating Code...
  MidtermProject.vcxproj -> C:\Users\CSchubert-Forensics\Desktop\School\2024_Spring\DFOR740\MidtermProject\x64\Debug\MidtermProject.exe
C:\Users\CSchubert-Forensics\Desktop\School\2024_Spring\DFOR740\MidtermProject\MidtermProject\TaskLister.h(22): warning C26495: Variable 'TaskInfo::pid' is uninitialized. Always initialize a member variable (type.6).
C:\Users\CSchubert-Forensics\Desktop\School\2024_Spring\DFOR740\MidtermProject\MidtermProject\TaskLister.cpp(176): warning C6031: Return value ignored: 'EnumServicesStatusExW'.
C:\Users\CSchubert-Forensics\Desktop\School\2024_Spring\DFOR740\MidtermProject\MidtermProject\TaskLister.cpp(183): warning C6031: Return value ignored: 'EnumServicesStatusExW'.
C:\Users\CSchubert-Forensics\Desktop\School\2024_Spring\DFOR740\MidtermProject\MidtermProject\TaskLister.cpp(192): warning C6385: Reading invalid data from 'services'.
